android-twa/app/build/intermediates/manifest_merge_blame_file/release/processReleaseMainManifest/manifest-merger-blame-release-report.txt
1<?xml version="1.0" encoding="utf-8"?>
2<!--
3    Copyright 2019 Google Inc. All Rights Reserved.
4
5     Licensed under the Apache License, Version 2.0 (the "License");
6     you may not use this file except in compliance with the License.
7     You may obtain a copy of the License at
8
9         http://www.apache.org/licenses/LICENSE-2.0
10
11     Unless required by applicable law or agreed to in writing, software
12     distributed under the License is distributed on an "AS IS" BASIS,
13     WITHOUT WARRANTIES OR CONDITIONS OF ANY KIND, either express or implied.
14     See the License for the specific language governing permissions and
15     limitations under the License.
16-->
17<!--
18 The "package" attribute is rewritten by the Gradle build with the value of applicationId.
19     It is still required here, as it is used to derive paths, for instance when referring
20     to an Activity by ".MyActivity" instead of the full name. If more Activities are added to the
21     application, the package attribute will need to reflect the correct path in order to use
22     the abbreviated format.
23-->
24<manifest xmlns:android="http://schemas.android.com/apk/res/android"
25    package="app.web.convertinghub.official"
26    android:versionCode="1"
27    android:versionName="1.0.0" >
28
29    <uses-sdk
30        android:minSdkVersion="24"
31        android:targetSdkVersion="36" />
32
33    <uses-permission android:name="android.permission.INTERNET" />
33-->src\main\AndroidManifest.xml:25:5-67
33-->src\main\AndroidManifest.xml:25:22-64
34    <uses-permission
34-->src\main\AndroidManifest.xml:26:5-107
35        android:name="android.permission.READ_EXTERNAL_STORAGE"
35-->src\main\AndroidManifest.xml:26:22-77
36        android:maxSdkVersion="32" />
36-->src\main\AndroidManifest.xml:26:78-104
37    <uses-permission android:name="android.permission.READ_MEDIA_IMAGES" />
37-->src\main\AndroidManifest.xml:27:5-76
37-->src\main\AndroidManifest.xml:27:22-73
38
39    <queries>
39-->[com.google.androidbrowserhelper:androidbrowserhelper:2.6.2] AndroidManifest.xml:22:5-30:15
40        <intent>
40-->[com.google.androidbrowserhelper:androidbrowserhelper:2.6.2] AndroidManifest.xml:23:9-29:18
41            <action android:name="android.intent.action.VIEW" />
41-->src\main\AndroidManifest.xml:142:17-68
41-->src\main\AndroidManifest.xml:142:25-66
42
43            <category android:name="android.intent.category.BROWSABLE" />
43-->src\main\AndroidManifest.xml:144:17-77
43-->src\main\AndroidManifest.xml:144:27-75
44
45            <data android:scheme="https" />
45-->src\main\AndroidManifest.xml:145:17-147:19
45-->src\main\AndroidManifest.xml:145:23-45
46        </intent>
47    </queries>
48
49    <permission
49-->[androidx.core:core:1.13.0] AndroidManifest.xml:22:5-24:47
50        android:name="app.web.convertinghub.official.DYNAMIC_RECEIVER_NOT_EXPORTED_PERMISSION"
50-->[androidx.core:core:1.13.0] AndroidManifest.xml:23:9-81
51        android:protectionLevel="signature" />
51-->[androidx.core:core:1.13.0] AndroidManifest.xml:24:9-44
52
53    <uses-permission android:name="app.web.convertinghub.official.DYNAMIC_RECEIVER_NOT_EXPORTED_PERMISSION" />
53-->[androidx.core:core:1.13.0] AndroidManifest.xml:26:5-97
53-->[androidx.core:core:1.13.0] AndroidManifest.xml:26:22-94
54
55    <application
55-->src\main\AndroidManifest.xml:29:5-209:19
56        android:name="app.web.convertinghub.official.Application"
56-->src\main\AndroidManifest.xml:30:9-35
57        android:allowBackup="true"
57-->src\main\AndroidManifest.xml:31:9-35
58        android:appComponentFactory="androidx.core.app.CoreComponentFactory"
58-->[androidx.core:core:1.13.0] AndroidManifest.xml:28:18-86
59        android:extractNativeLibs="false"
60        android:icon="@mipmap/ic_launcher"
60-->src\main\AndroidManifest.xml:32:9-43
61        android:label="@string/appName"
61-->src\main\AndroidManifest.xml:33:9-40
62        android:manageSpaceActivity="com.google.androidbrowserhelper.trusted.ManageDataLauncherActivity"
62-->src\main\AndroidManifest.xml:35:9-105
63        android:supportsRtl="true"
63-->src\main\AndroidManifest.xml:37:9-35
64        android:theme="@android:style/Theme.Translucent.NoTitleBar" >
64-->src\main\AndroidManifest.xml:38:9-68
65        <meta-data
65-->src\main\AndroidManifest.xml:40:9-42:58
66            android:name="asset_statements"
66-->src\main\AndroidManifest.xml:41:13-44
67            android:resource="@string/assetStatements" />
67-->src\main\AndroidManifest.xml:42:13-55
68        <meta-data
68-->src\main\AndroidManifest.xml:45:13-47:58
69            android:name="web_manifest_url"
69-->src\main\AndroidManifest.xml:46:17-48
70            android:value="@string/webManifestUrl" />
70-->src\main\AndroidManifest.xml:47:17-55
71        <meta-data
71-->src\main\AndroidManifest.xml:50:9-52:52
72            android:name="twa_generator"
72-->src\main\AndroidManifest.xml:51:13-41
73            android:value="@string/generatorApp" />
73-->src\main\AndroidManifest.xml:52:13-49
74
75        <activity
75-->src\main\AndroidManifest.xml:59:13-70:24
76            android:name="com.google.androidbrowserhelper.trusted.ManageDataLauncherActivity"
76-->src\main\AndroidManifest.xml:59:23-104
77            android:enabled="true"
77-->src\main\AndroidManifest.xml:61:17-39
78            android:excludeFromRecents="true"
78-->src\main\AndroidManifest.xml:62:17-50
79            android:exported="false" >
79-->src\main\AndroidManifest.xml:60:17-41
80            <meta-data
80-->src\main\AndroidManifest.xml:63:17-65:57
81                android:name="android.support.customtabs.trusted.MANAGE_SPACE_URL"
81-->src\main\AndroidManifest.xml:64:21-87
82                android:value="@string/launchUrl" />
82-->src\main\AndroidManifest.xml:65:21-54
83
84            <intent-filter>
84-->src\main\AndroidManifest.xml:66:17-69:33
85                <action android:name="android.intent.action.APPLICATION_PREFERENCES" />
85-->src\main\AndroidManifest.xml:67:21-92
85-->src\main\AndroidManifest.xml:67:29-89
86
87                <category android:name="android.intent.category.DEFAULT" />
87-->src\main\AndroidManifest.xml:68:21-80
87-->src\main\AndroidManifest.xml:68:31-77
88            </intent-filter>
89        </activity>
90        <activity
90-->src\main\AndroidManifest.xml:73:9-176:20
91            android:name="app.web.convertinghub.official.LauncherActivity"
91-->src\main\AndroidManifest.xml:73:19-50
92            android:alwaysRetainTaskState="true"
92-->src\main\AndroidManifest.xml:74:13-49
93            android:exported="true"
93-->src\main\AndroidManifest.xml:76:13-36
94            android:label="@string/launcherName" >
94-->src\main\AndroidManifest.xml:75:13-49
95            <meta-data
95-->src\main\AndroidManifest.xml:77:13-78:53
96                android:name="android.support.customtabs.trusted.DEFAULT_URL"
96-->src\main\AndroidManifest.xml:77:24-85
97                android:value="@string/launchUrl" />
97-->src\main\AndroidManifest.xml:78:17-50
98            <meta-data
98-->src\main\AndroidManifest.xml:80:13-82:58
99                android:name="android.support.customtabs.trusted.STATUS_BAR_COLOR"
99-->src\main\AndroidManifest.xml:81:17-83
100                android:resource="@color/colorPrimary" />
100-->src\main\AndroidManifest.xml:82:17-55
101            <meta-data
101-->src\main\AndroidManifest.xml:86:13-88:62
102                android:name="android.support.customtabs.trusted.STATUS_BAR_COLOR_DARK"
102-->src\main\AndroidManifest.xml:87:17-88
103                android:resource="@color/colorPrimaryDark" />
103-->src\main\AndroidManifest.xml:88:17-59
104            <meta-data
104-->src\main\AndroidManifest.xml:90:13-92:61
105                android:name="android.support.customtabs.trusted.NAVIGATION_BAR_COLOR"
105-->src\main\AndroidManifest.xml:91:17-87
106                android:resource="@color/navigationColor" />
106-->src\main\AndroidManifest.xml:92:17-58
107            <meta-data
107-->src\main\AndroidManifest.xml:94:13-96:65
108                android:name="android.support.customtabs.trusted.NAVIGATION_BAR_COLOR_DARK"
108-->src\main\AndroidManifest.xml:95:17-92
109                android:resource="@color/navigationColorDark" />
109-->src\main\AndroidManifest.xml:96:17-62
110            <meta-data
110-->src\main\AndroidManifest.xml:98:13-100:68
111                android:name="androix.browser.trusted.NAVIGATION_BAR_DIVIDER_COLOR"
111-->src\main\AndroidManifest.xml:99:17-84
112                android:resource="@color/navigationDividerColor" />
112-->src\main\AndroidManifest.xml:100:17-65
113            <meta-data
113-->src\main\AndroidManifest.xml:102:13-104:72
114                android:name="androix.browser.trusted.NAVIGATION_BAR_DIVIDER_COLOR_DARK"
114-->src\main\AndroidManifest.xml:103:17-89
115                android:resource="@color/navigationDividerColorDark" />
115-->src\main\AndroidManifest.xml:104:17-69
116            <meta-data
116-->src\main\AndroidManifest.xml:106:13-107:54
117                android:name="android.support.customtabs.trusted.SPLASH_IMAGE_DRAWABLE"
117-->src\main\AndroidManifest.xml:106:24-95
118                android:resource="@drawable/splash" />
118-->src\main\AndroidManifest.xml:107:17-52
119            <meta-data
119-->src\main\AndroidManifest.xml:109:13-110:60
120                android:name="android.support.customtabs.trusted.SPLASH_SCREEN_BACKGROUND_COLOR"
120-->src\main\AndroidManifest.xml:109:24-104
121                android:resource="@color/backgroundColor" />
121-->src\main\AndroidManifest.xml:110:17-58
122            <meta-data
122-->src\main\AndroidManifest.xml:112:13-113:71
123                android:name="android.support.customtabs.trusted.SPLASH_SCREEN_FADE_OUT_DURATION"
123-->src\main\AndroidManifest.xml:112:24-105
124                android:value="@integer/splashScreenFadeOutDuration" />
124-->src\main\AndroidManifest.xml:113:17-69
125            <meta-data
125-->src\main\AndroidManifest.xml:115:13-116:60
126                android:name="android.support.customtabs.trusted.FILE_PROVIDER_AUTHORITY"
126-->src\main\AndroidManifest.xml:115:24-97
127                android:value="@string/providerAuthority" />
127-->src\main\AndroidManifest.xml:116:17-58
128            <meta-data
128-->src\main\AndroidManifest.xml:118:13-97
129                android:name="android.app.shortcuts"
129-->src\main\AndroidManifest.xml:118:24-60
130                android:resource="@xml/shortcuts" />
130-->src\main\AndroidManifest.xml:118:61-94
131            <meta-data
131-->src\main\AndroidManifest.xml:120:13-121:56
132                android:name="android.support.customtabs.trusted.FALLBACK_STRATEGY"
132-->src\main\AndroidManifest.xml:120:24-91
133                android:value="@string/fallbackType" />
133-->src\main\AndroidManifest.xml:121:17-53
134            <meta-data
134-->src\main\AndroidManifest.xml:127:13-128:54
135                android:name="android.support.customtabs.trusted.SCREEN_ORIENTATION"
135-->src\main\AndroidManifest.xml:127:24-92
136                android:value="@string/orientation" />
136-->src\main\AndroidManifest.xml:128:17-52
137
138            <intent-filter>
138-->src\main\AndroidManifest.xml:136:13-139:29
139                <action android:name="android.intent.action.MAIN" />
139-->src\main\AndroidManifest.xml:137:17-69
139-->src\main\AndroidManifest.xml:137:25-66
140
141                <category android:name="android.intent.category.LAUNCHER" />
141-->src\main\AndroidManifest.xml:138:17-77
141-->src\main\AndroidManifest.xml:138:27-74
142            </intent-filter>
143            <intent-filter android:autoVerify="true" >
143-->src\main\AndroidManifest.xml:141:13-148:29
143-->src\main\AndroidManifest.xml:141:28-53
144                <action android:name="android.intent.action.VIEW" />
144-->src\main\AndroidManifest.xml:142:17-68
144-->src\main\AndroidManifest.xml:142:25-66
145
146                <category android:name="android.intent.category.DEFAULT" />
146-->src\main\AndroidManifest.xml:68:21-80
146-->src\main\AndroidManifest.xml:68:31-77
147                <category android:name="android.intent.category.BROWSABLE" />
147-->src\main\AndroidManifest.xml:144:17-77
147-->src\main\AndroidManifest.xml:144:27-75
148
149                <data
149-->src\main\AndroidManifest.xml:145:17-147:19
150                    android:host="@string/hostName"
150-->src\main\AndroidManifest.xml:146:21-52
151                    android:scheme="https" />
151-->src\main\AndroidManifest.xml:145:23-45
152            </intent-filter>
153
154            <!-- ConvertingHub Open With Document Intent Filters -->
155            <intent-filter>
155-->src\main\AndroidManifest.xml:151:13-167:29
156                <action android:name="android.intent.action.VIEW" />
156-->src\main\AndroidManifest.xml:142:17-68
156-->src\main\AndroidManifest.xml:142:25-66
157                <action android:name="android.intent.action.SEND" />
157-->src\main\AndroidManifest.xml:153:17-69
157-->src\main\AndroidManifest.xml:153:25-66
158                <action android:name="android.intent.action.SEND_MULTIPLE" />
158-->src\main\AndroidManifest.xml:154:17-78
158-->src\main\AndroidManifest.xml:154:25-75
159
160                <category android:name="android.intent.category.DEFAULT" />
160-->src\main\AndroidManifest.xml:68:21-80
160-->src\main\AndroidManifest.xml:68:31-77
161                <category android:name="android.intent.category.BROWSABLE" />
161-->src\main\AndroidManifest.xml:144:17-77
161-->src\main\AndroidManifest.xml:144:27-75
162
163                <data android:mimeType="application/pdf" />
163-->src\main\AndroidManifest.xml:145:17-147:19
163-->src\main\AndroidManifest.xml:157:23-57
164                <data android:mimeType="application/msword" />
164-->src\main\AndroidManifest.xml:145:17-147:19
164-->src\main\AndroidManifest.xml:157:23-57
165                <data android:mimeType="application/vnd.openxmlformats-officedocument.wordprocessingml.document" />
165-->src\main\AndroidManifest.xml:145:17-147:19
165-->src\main\AndroidManifest.xml:157:23-57
166                <data android:mimeType="application/vnd.ms-excel" />
166-->src\main\AndroidManifest.xml:145:17-147:19
166-->src\main\AndroidManifest.xml:157:23-57
167                <data android:mimeType="application/vnd.openxmlformats-officedocument.spreadsheetml.sheet" />
167-->src\main\AndroidManifest.xml:145:17-147:19
167-->src\main\AndroidManifest.xml:157:23-57
168                <data android:mimeType="text/csv" />
168-->src\main\AndroidManifest.xml:145:17-147:19
168-->src\main\AndroidManifest.xml:157:23-57
169                <data android:mimeType="application/vnd.ms-powerpoint" />
169-->src\main\AndroidManifest.xml:145:17-147:19
169-->src\main\AndroidManifest.xml:157:23-57
170                <data android:mimeType="application/vnd.openxmlformats-officedocument.presentationml.presentation" />
170-->src\main\AndroidManifest.xml:145:17-147:19
170-->src\main\AndroidManifest.xml:157:23-57
171                <data android:mimeType="text/plain" />
171-->src\main\AndroidManifest.xml:145:17-147:19
171-->src\main\AndroidManifest.xml:157:23-57
172                <data android:mimeType="image/*" />
172-->src\main\AndroidManifest.xml:145:17-147:19
172-->src\main\AndroidManifest.xml:157:23-57
173            </intent-filter>
174            <intent-filter>
174-->src\main\AndroidManifest.xml:168:13-175:29
175                <action android:name="android.intent.action.VIEW" />
175-->src\main\AndroidManifest.xml:142:17-68
175-->src\main\AndroidManifest.xml:142:25-66
176
177                <category android:name="android.intent.category.DEFAULT" />
177-->src\main\AndroidManifest.xml:68:21-80
177-->src\main\AndroidManifest.xml:68:31-77
178
179                <data android:scheme="content" />
179-->src\main\AndroidManifest.xml:145:17-147:19
179-->src\main\AndroidManifest.xml:145:23-45
180                <data android:scheme="file" />
180-->src\main\AndroidManifest.xml:145:17-147:19
180-->src\main\AndroidManifest.xml:145:23-45
181                <data android:mimeType="application/pdf" />
181-->src\main\AndroidManifest.xml:145:17-147:19
181-->src\main\AndroidManifest.xml:157:23-57
182                <data android:mimeType="image/*" />
182-->src\main\AndroidManifest.xml:145:17-147:19
182-->src\main\AndroidManifest.xml:157:23-57
183            </intent-filter>
184        </activity>
185        <activity android:name="com.google.androidbrowserhelper.trusted.FocusActivity" />
185-->src\main\AndroidManifest.xml:178:9-90
185-->src\main\AndroidManifest.xml:178:19-87
186        <activity
186-->src\main\AndroidManifest.xml:180:9-181:62
187            android:name="com.google.androidbrowserhelper.trusted.WebViewFallbackActivity"
187-->src\main\AndroidManifest.xml:180:19-97
188            android:configChanges="orientation|screenSize" />
188-->src\main\AndroidManifest.xml:181:13-59
189
190        <provider
190-->src\main\AndroidManifest.xml:183:9-191:20
191            android:name="androidx.core.content.FileProvider"
191-->src\main\AndroidManifest.xml:184:13-62
192            android:authorities="@string/providerAuthority"
192-->src\main\AndroidManifest.xml:185:13-60
193            android:exported="false"
193-->src\main\AndroidManifest.xml:187:13-37
194            android:grantUriPermissions="true" >
194-->src\main\AndroidManifest.xml:186:13-47
195            <meta-data
195-->src\main\AndroidManifest.xml:188:13-190:53
196                android:name="android.support.FILE_PROVIDER_PATHS"
196-->src\main\AndroidManifest.xml:189:17-67
197                android:resource="@xml/filepaths" />
197-->src\main\AndroidManifest.xml:190:17-50
198        </provider>
199
200        <service
200-->src\main\AndroidManifest.xml:193:9-204:19
201            android:name="app.web.convertinghub.official.DelegationService"
201-->src\main\AndroidManifest.xml:194:13-46
202            android:enabled="@bool/enableNotification"
202-->src\main\AndroidManifest.xml:195:13-55
203            android:exported="@bool/enableNotification" >
203-->src\main\AndroidManifest.xml:196:13-56
204            <intent-filter>
204-->src\main\AndroidManifest.xml:200:13-203:29
205                <action android:name="android.support.customtabs.trusted.TRUSTED_WEB_ACTIVITY_SERVICE" />
205-->src\main\AndroidManifest.xml:201:17-105
205-->src\main\AndroidManifest.xml:201:25-103
206
207                <category android:name="android.intent.category.DEFAULT" />
207-->src\main\AndroidManifest.xml:68:21-80
207-->src\main\AndroidManifest.xml:68:31-77
208            </intent-filter>
209        </service>
210
211        <provider
211-->[androidx.emoji2:emoji2:1.3.0] AndroidManifest.xml:24:9-32:20
212            android:name="androidx.startup.InitializationProvider"
212-->[androidx.emoji2:emoji2:1.3.0] AndroidManifest.xml:25:13-67
213            android:authorities="app.web.convertinghub.official.androidx-startup"
213-->[androidx.emoji2:emoji2:1.3.0] AndroidManifest.xml:26:13-68
214            android:exported="false" >
214-->[androidx.emoji2:emoji2:1.3.0] AndroidManifest.xml:27:13-37
215            <meta-data
215-->[androidx.emoji2:emoji2:1.3.0] AndroidManifest.xml:29:13-31:52
216                android:name="androidx.emoji2.text.EmojiCompatInitializer"
216-->[androidx.emoji2:emoji2:1.3.0] AndroidManifest.xml:30:17-75
217                android:value="androidx.startup" />
217-->[androidx.emoji2:emoji2:1.3.0] AndroidManifest.xml:31:17-49
218            <meta-data
218-->[androidx.lifecycle:lifecycle-process:2.6.2] AndroidManifest.xml:29:13-31:52
219                android:name="androidx.lifecycle.ProcessLifecycleInitializer"
219-->[androidx.lifecycle:lifecycle-process:2.6.2] AndroidManifest.xml:30:17-78
220                android:value="androidx.startup" />
220-->[androidx.lifecycle:lifecycle-process:2.6.2] AndroidManifest.xml:31:17-49
221            <meta-data
221-->[androidx.profileinstaller:profileinstaller:1.3.1] AndroidManifest.xml:29:13-31:52
222                android:name="androidx.profileinstaller.ProfileInstallerInitializer"
222-->[androidx.profileinstaller:profileinstaller:1.3.1] AndroidManifest.xml:30:17-85
223                android:value="androidx.startup" />
223-->[androidx.profileinstaller:profileinstaller:1.3.1] AndroidManifest.xml:31:17-49
224        </provider>
225
226        <receiver
226-->[androidx.profileinstaller:profileinstaller:1.3.1] AndroidManifest.xml:34:9-52:20
227            android:name="androidx.profileinstaller.ProfileInstallReceiver"
227-->[androidx.profileinstaller:profileinstaller:1.3.1] AndroidManifest.xml:35:13-76
228            android:directBootAware="false"
228-->[androidx.profileinstaller:profileinstaller:1.3.1] AndroidManifest.xml:36:13-44
229            android:enabled="true"
229-->[androidx.profileinstaller:profileinstaller:1.3.1] AndroidManifest.xml:37:13-35
230            android:exported="true"
230-->[androidx.profileinstaller:profileinstaller:1.3.1] AndroidManifest.xml:38:13-36
231            android:permission="android.permission.DUMP" >
231-->[androidx.profileinstaller:profileinstaller:1.3.1] AndroidManifest.xml:39:13-57
232            <intent-filter>
232-->[androidx.profileinstaller:profileinstaller:1.3.1] AndroidManifest.xml:40:13-42:29
233                <action android:name="androidx.profileinstaller.action.INSTALL_PROFILE" />
233-->[androidx.profileinstaller:profileinstaller:1.3.1] AndroidManifest.xml:41:17-91
233-->[androidx.profileinstaller:profileinstaller:1.3.1] AndroidManifest.xml:41:25-88
234            </intent-filter>
235            <intent-filter>
235-->[androidx.profileinstaller:profileinstaller:1.3.1] AndroidManifest.xml:43:13-45:29
236                <action android:name="androidx.profileinstaller.action.SKIP_FILE" />
236-->[androidx.profileinstaller:profileinstaller:1.3.1] AndroidManifest.xml:44:17-85
236-->[androidx.profileinstaller:profileinstaller:1.3.1] AndroidManifest.xml:44:25-82
237            </intent-filter>
238            <intent-filter>
238-->[androidx.profileinstaller:profileinstaller:1.3.1] AndroidManifest.xml:46:13-48:29
239                <action android:name="androidx.profileinstaller.action.SAVE_PROFILE" />
239-->[androidx.profileinstaller:profileinstaller:1.3.1] AndroidManifest.xml:47:17-88
239-->[androidx.profileinstaller:profileinstaller:1.3.1] AndroidManifest.xml:47:25-85
240            </intent-filter>
241            <intent-filter>
241-->[androidx.profileinstaller:profileinstaller:1.3.1] AndroidManifest.xml:49:13-51:29
242                <action android:name="androidx.profileinstaller.action.BENCHMARK_OPERATION" />
242-->[androidx.profileinstaller:profileinstaller:1.3.1] AndroidManifest.xml:50:17-95
242-->[androidx.profileinstaller:profileinstaller:1.3.1] AndroidManifest.xml:50:25-92
243            </intent-filter>
244        </receiver>
245    </application>
246
247</manifest>